# JRE version: OpenJDK Runtime Environment (8.0_152-b01) (build 1.8.0_152-release-1024-b01)
# Java VM: OpenJDK 64-Bit Server VM (25.152-b01 mixed mode linux-amd64 compressed oops)
Heap:
 PSYoungGen      total 444416K, used 308549K [0x00000000e0000000, 0x00000000ffb00000, 0x0000000100000000)
  eden space 375808K, 80% used [0x00000000e0000000,0x00000000f276abd8,0x00000000f6f00000)
  from space 68608K, 8% used [0x00000000fb800000,0x00000000fbde6840,0x00000000ffb00000)
  to   space 71680K, 0% used [0x00000000f6f00000,0x00000000f6f00000,0x00000000fb500000)
 ParOldGen       total 238592K, used 143741K [0x00000000a0000000, 0x00000000ae900000, 0x00000000e0000000)
  object space 238592K, 60% used [0x00000000a0000000,0x00000000a8c5f7f0,0x00000000ae900000)
 Metaspace       used 94588K, capacity 100726K, committed 101080K, reserved 1136640K
  class space    used 12079K, capacity 13208K, committed 13312K, reserved 1048576K
GC Heap History (10 events):
Event: 1308.918 GC heap before
{Heap before GC invocations=27 (full 4):
 PSYoungGen      total 442368K, used 405328K [0x00000000e0000000, 0x00000000fe680000, 0x0000000100000000)
  eden space 397824K, 99% used [0x00000000e0000000,0x00000000f84442e8,0x00000000f8480000)
  from space 44544K, 17% used [0x00000000fbb00000,0x00000000fc290090,0x00000000fe680000)
  to   space 50176K, 0% used [0x00000000f8480000,0x00000000f8480000,0x00000000fb580000)
 ParOldGen       total 162816K, used 129123K [0x00000000a0000000, 0x00000000a9f00000, 0x00000000e0000000)
  object space 162816K, 79% used [0x00000000a0000000,0x00000000a7e18de8,0x00000000a9f00000)
 Metaspace       used 92536K, capacity 97596K, committed 97752K, reserved 1134592K
  class space    used 11801K, capacity 12789K, committed 12800K, reserved 1048576K
Event: 1309.080 GC heap after
Heap after GC invocations=27 (full 4):
 PSYoungGen      total 448000K, used 24660K [0x00000000e0000000, 0x0000000100000000, 0x0000000100000000)
  eden space 397824K, 0% used [0x00000000e0000000,0x00000000e0000000,0x00000000f8480000)
  from space 50176K, 49% used [0x00000000f8480000,0x00000000f9c95050,0x00000000fb580000)
  to   space 49664K, 0% used [0x00000000fcf80000,0x00000000fcf80000,0x0000000100000000)
 ParOldGen       total 162816K, used 129131K [0x00000000a0000000, 0x00000000a9f00000, 0x00000000e0000000)
  object space 162816K, 79% used [0x00000000a0000000,0x00000000a7e1ade8,0x00000000a9f00000)
 Metaspace       used 92536K, capacity 97596K, committed 97752K, reserved 1134592K
  class space    used 11801K, capacity 12789K, committed 12800K, reserved 1048576K
}
Event: 1316.889 GC heap before
{Heap before GC invocations=28 (full 4):
 PSYoungGen      total 448000K, used 422484K [0x00000000e0000000, 0x0000000100000000, 0x0000000100000000)
  eden space 397824K, 100% used [0x00000000e0000000,0x00000000f8480000,0x00000000f8480000)
  from space 50176K, 49% used [0x00000000f8480000,0x00000000f9c95050,0x00000000fb580000)
  to   space 49664K, 0% used [0x00000000fcf80000,0x00000000fcf80000,0x0000000100000000)
 ParOldGen       total 162816K, used 129131K [0x00000000a0000000, 0x00000000a9f00000, 0x00000000e0000000)
  object space 162816K, 79% used [0x00000000a0000000,0x00000000a7e1ade8,0x00000000a9f00000)
 Metaspace       used 92588K, capacity 97604K, committed 97752K, reserved 1134592K
  class space    used 11801K, capacity 12789K, committed 12800K, reserved 1048576K
Event: 1317.503 GC heap after
Heap after GC invocations=28 (full 4):
 PSYoungGen      total 424448K, used 49643K [0x00000000e0000000, 0x0000000100000000, 0x0000000100000000)
  eden space 374784K, 0% used [0x00000000e0000000,0x00000000e0000000,0x00000000f6e00000)
  from space 49664K, 99% used [0x00000000fcf80000,0x00000000ffffac50,0x0000000100000000)
  to   space 74752K, 0% used [0x00000000f6e00000,0x00000000f6e00000,0x00000000fb700000)
 ParOldGen       total 173568K, used 173293K [0x00000000a0000000, 0x00000000aa980000, 0x00000000e0000000)
  object space 173568K, 99% used [0x00000000a0000000,0x00000000aa93b7b0,0x00000000aa980000)
 Metaspace       used 92588K, capacity 97604K, committed 97752K, reserved 1134592K
  class space    used 11801K, capacity 12789K, committed 12800K, reserved 1048576K
}
Event: 1317.520 GC heap before
{Heap before GC invocations=29 (full 5):
 PSYoungGen      total 424448K, used 49643K [0x00000000e0000000, 0x0000000100000000, 0x0000000100000000)
  eden space 374784K, 0% used [0x00000000e0000000,0x00000000e0000000,0x00000000f6e00000)
  from space 49664K, 99% used [0x00000000fcf80000,0x00000000ffffac50,0x0000000100000000)
  to   space 74752K, 0% used [0x00000000f6e00000,0x00000000f6e00000,0x00000000fb700000)
 ParOldGen       total 173568K, used 173293K [0x00000000a0000000, 0x00000000aa980000, 0x00000000e0000000)
  object space 173568K, 99% used [0x00000000a0000000,0x00000000aa93b7b0,0x00000000aa980000)
 Metaspace       used 92588K, capacity 97604K, committed 97752K, reserved 1134592K
  class space    used 11801K, capacity 12789K, committed 12800K, reserved 1048576K
Event: 1319.628 GC heap after
Heap after GC invocations=29 (full 5):
 PSYoungGen      total 424448K, used 0K [0x00000000e0000000, 0x0000000100000000, 0x0000000100000000)
  eden space 374784K, 0% used [0x00000000e0000000,0x00000000e0000000,0x00000000f6e00000)
  from space 49664K, 0% used [0x00000000fcf80000,0x00000000fcf80000,0x0000000100000000)
  to   space 74752K, 0% used [0x00000000f6e00000,0x00000000f6e00000,0x00000000fb700000)
 ParOldGen       total 238592K, used 143733K [0x00000000a0000000, 0x00000000ae900000, 0x00000000e0000000)
  object space 238592K, 60% used [0x00000000a0000000,0x00000000a8c5d7f0,0x00000000ae900000)
 Metaspace       used 92588K, capacity 97604K, committed 97752K, reserved 1134592K
  class space    used 11801K, capacity 12789K, committed 12800K, reserved 1048576K
}
Event: 1330.934 GC heap before
{Heap before GC invocations=30 (full 5):
 PSYoungGen      total 424448K, used 374279K [0x00000000e0000000, 0x0000000100000000, 0x0000000100000000)
  eden space 374784K, 99% used [0x00000000e0000000,0x00000000f6d81d08,0x00000000f6e00000)
  from space 49664K, 0% used [0x00000000fcf80000,0x00000000fcf80000,0x0000000100000000)
  to   space 74752K, 0% used [0x00000000f6e00000,0x00000000f6e00000,0x00000000fb700000)
 ParOldGen       total 238592K, used 143733K [0x00000000a0000000, 0x00000000ae900000, 0x00000000e0000000)
  object space 238592K, 60% used [0x00000000a0000000,0x00000000a8c5d7f0,0x00000000ae900000)
 Metaspace       used 93736K, capacity 99008K, committed 99288K, reserved 1136640K
  class space    used 11942K, capacity 12965K, committed 13056K, reserved 1048576K
Event: 1330.954 GC heap after
Heap after GC invocations=30 (full 5):
 PSYoungGen      total 449536K, used 2532K [0x00000000e0000000, 0x0000000100000000, 0x0000000100000000)
  eden space 374784K, 0% used [0x00000000e0000000,0x00000000e0000000,0x00000000f6e00000)
  from space 74752K, 3% used [0x00000000f6e00000,0x00000000f7079150,0x00000000fb700000)
  to   space 73728K, 0% used [0x00000000fb800000,0x00000000fb800000,0x0000000100000000)
 ParOldGen       total 238592K, used 143741K [0x00000000a0000000, 0x00000000ae900000, 0x00000000e0000000)
  object space 238592K, 60% used [0x00000000a0000000,0x00000000a8c5f7f0,0x00000000ae900000)
 Metaspace       used 93736K, capacity 99008K, committed 99288K, reserved 1136640K
  class space    used 11942K, capacity 12965K, committed 13056K, reserved 1048576K
}
Event: 1333.098 GC heap before
{Heap before GC invocations=31 (full 5):
 PSYoungGen      total 449536K, used 376322K [0x00000000e0000000, 0x0000000100000000, 0x0000000100000000)
  eden space 374784K, 99% used [0x00000000e0000000,0x00000000f6d07850,0x00000000f6e00000)
  from space 74752K, 3% used [0x00000000f6e00000,0x00000000f7079150,0x00000000fb700000)
  to   space 73728K, 0% used [0x00000000fb800000,0x00000000fb800000,0x0000000100000000)
 ParOldGen       total 238592K, used 143741K [0x00000000a0000000, 0x00000000ae900000, 0x00000000e0000000)
  object space 238592K, 60% used [0x00000000a0000000,0x00000000a8c5f7f0,0x00000000ae900000)
 Metaspace       used 93819K, capacity 99122K, committed 99288K, reserved 1136640K
  class space    used 11948K, capacity 12974K, committed 13056K, reserved 1048576K
Event: 1333.117 GC heap after
Heap after GC invocations=31 (full 5):
 PSYoungGen      total 444416K, used 6042K [0x00000000e0000000, 0x00000000ffb00000, 0x0000000100000000)
  eden space 375808K, 0% used [0x00000000e0000000,0x00000000e0000000,0x00000000f6f00000)
  from space 68608K, 8% used [0x00000000fb800000,0x00000000fbde6840,0x00000000ffb00000)
  to   space 71680K, 0% used [0x00000000f6f00000,0x00000000f6f00000,0x00000000fb500000)
 ParOldGen       total 238592K, used 143741K [0x00000000a0000000, 0x00000000ae900000, 0x00000000e0000000)
  object space 238592K, 60% used [0x00000000a0000000,0x00000000a8c5f7f0,0x00000000ae900000)
 Metaspace       used 93819K, capacity 99122K, committed 99288K, reserved 1136640K
  class space    used 11948K, capacity 12974K, committed 13056K, reserved 1048576K
}

