# JRE version: OpenJDK Runtime Environment (8.0_152-b01) (build 1.8.0_152-release-1024-b01)
# Java VM: OpenJDK 64-Bit Server VM (25.152-b01 mixed mode linux-amd64 compressed oops)
Heap:
 PSYoungGen      total 475136K, used 77538K [0x00000000e0000000, 0x00000000ff980000, 0x0000000100000000)
  eden space 433664K, 14% used [0x00000000e0000000,0x00000000e3b52ef0,0x00000000fa780000)
  from space 41472K, 40% used [0x00000000fd100000,0x00000000fe165d08,0x00000000ff980000)
  to   space 41984K, 0% used [0x00000000fa780000,0x00000000fa780000,0x00000000fd080000)
 ParOldGen       total 162304K, used 128134K [0x00000000a0000000, 0x00000000a9e80000, 0x00000000e0000000)
  object space 162304K, 78% used [0x00000000a0000000,0x00000000a7d218d8,0x00000000a9e80000)
 Metaspace       used 80058K, capacity 84232K, committed 84440K, reserved 1122304K
  class space    used 10195K, capacity 10951K, committed 11008K, reserved 1048576K
GC Heap History (10 events):
Event: 1419.553 GC heap before
{Heap before GC invocations=28 (full 4):
 PSYoungGen      total 405504K, used 362408K [0x00000000e0000000, 0x00000000ffe80000, 0x0000000100000000)
  eden space 354304K, 99% used [0x00000000e0000000,0x00000000f5929688,0x00000000f5a00000)
  from space 51200K, 17% used [0x00000000f5a00000,0x00000000f62c0980,0x00000000f8c00000)
  to   space 50176K, 0% used [0x00000000fcd80000,0x00000000fcd80000,0x00000000ffe80000)
 ParOldGen       total 162304K, used 121799K [0x00000000a0000000, 0x00000000a9e80000, 0x00000000e0000000)
  object space 162304K, 75% used [0x00000000a0000000,0x00000000a76f1dc8,0x00000000a9e80000)
 Metaspace       used 77771K, capacity 81032K, committed 81240K, reserved 1120256K
  class space    used 9975K, capacity 10613K, committed 10624K, reserved 1048576K
Event: 1419.598 GC heap after
Heap after GC invocations=28 (full 4):
 PSYoungGen      total 471552K, used 7938K [0x00000000e0000000, 0x00000000ffd00000, 0x0000000100000000)
  eden space 422912K, 0% used [0x00000000e0000000,0x00000000e0000000,0x00000000f9d00000)
  from space 48640K, 16% used [0x00000000fcd80000,0x00000000fd540900,0x00000000ffd00000)
  to   space 49152K, 0% used [0x00000000f9d00000,0x00000000f9d00000,0x00000000fcd00000)
 ParOldGen       total 162304K, used 122127K [0x00000000a0000000, 0x00000000a9e80000, 0x00000000e0000000)
  object space 162304K, 75% used [0x00000000a0000000,0x00000000a7743e28,0x00000000a9e80000)
 Metaspace       used 77771K, capacity 81032K, committed 81240K, reserved 1120256K
  class space    used 9975K, capacity 10613K, committed 10624K, reserved 1048576K
}
Event: 1746.541 GC heap before
{Heap before GC invocations=29 (full 4):
 PSYoungGen      total 471552K, used 430850K [0x00000000e0000000, 0x00000000ffd00000, 0x0000000100000000)
  eden space 422912K, 100% used [0x00000000e0000000,0x00000000f9d00000,0x00000000f9d00000)
  from space 48640K, 16% used [0x00000000fcd80000,0x00000000fd540900,0x00000000ffd00000)
  to   space 49152K, 0% used [0x00000000f9d00000,0x00000000f9d00000,0x00000000fcd00000)
 ParOldGen       total 162304K, used 122127K [0x00000000a0000000, 0x00000000a9e80000, 0x00000000e0000000)
  object space 162304K, 75% used [0x00000000a0000000,0x00000000a7743e28,0x00000000a9e80000)
 Metaspace       used 78689K, capacity 82708K, committed 82776K, reserved 1122304K
  class space    used 10086K, capacity 10815K, committed 10880K, reserved 1048576K
Event: 1747.652 GC heap after
Heap after GC invocations=29 (full 4):
 PSYoungGen      total 472064K, used 3021K [0x00000000e0000000, 0x00000000ffe80000, 0x0000000100000000)
  eden space 422912K, 0% used [0x00000000e0000000,0x00000000e0000000,0x00000000f9d00000)
  from space 49152K, 6% used [0x00000000f9d00000,0x00000000f9ff34c0,0x00000000fcd00000)
  to   space 48128K, 0% used [0x00000000fcf80000,0x00000000fcf80000,0x00000000ffe80000)
 ParOldGen       total 162304K, used 122287K [0x00000000a0000000, 0x00000000a9e80000, 0x00000000e0000000)
  object space 162304K, 75% used [0x00000000a0000000,0x00000000a776be38,0x00000000a9e80000)
 Metaspace       used 78689K, capacity 82708K, committed 82776K, reserved 1122304K
  class space    used 10086K, capacity 10815K, committed 10880K, reserved 1048576K
}
Event: 3007.114 GC heap before
{Heap before GC invocations=30 (full 4):
 PSYoungGen      total 472064K, used 423438K [0x00000000e0000000, 0x00000000ffe80000, 0x0000000100000000)
  eden space 422912K, 99% used [0x00000000e0000000,0x00000000f9a905f0,0x00000000f9d00000)
  from space 49152K, 6% used [0x00000000f9d00000,0x00000000f9ff34c0,0x00000000fcd00000)
  to   space 48128K, 0% used [0x00000000fcf80000,0x00000000fcf80000,0x00000000ffe80000)
 ParOldGen       total 162304K, used 122287K [0x00000000a0000000, 0x00000000a9e80000, 0x00000000e0000000)
  object space 162304K, 75% used [0x00000000a0000000,0x00000000a776be38,0x00000000a9e80000)
 Metaspace       used 79700K, capacity 83804K, committed 83928K, reserved 1122304K
  class space    used 10192K, capacity 10951K, committed 11008K, reserved 1048576K
Event: 3007.205 GC heap after
Heap after GC invocations=30 (full 4):
 PSYoungGen      total 472576K, used 8062K [0x00000000e0000000, 0x00000000ffc00000, 0x0000000100000000)
  eden space 427008K, 0% used [0x00000000e0000000,0x00000000e0000000,0x00000000fa100000)
  from space 45568K, 17% used [0x00000000fcf80000,0x00000000fd75fa48,0x00000000ffc00000)
  to   space 46592K, 0% used [0x00000000fa100000,0x00000000fa100000,0x00000000fce80000)
 ParOldGen       total 162304K, used 122567K [0x00000000a0000000, 0x00000000a9e80000, 0x00000000e0000000)
  object space 162304K, 75% used [0x00000000a0000000,0x00000000a77b1e48,0x00000000a9e80000)
 Metaspace       used 79700K, capacity 83804K, committed 83928K, reserved 1122304K
  class space    used 10192K, capacity 10951K, committed 11008K, reserved 1048576K
}
Event: 3014.753 GC heap before
{Heap before GC invocations=31 (full 4):
 PSYoungGen      total 472576K, used 434466K [0x00000000e0000000, 0x00000000ffc00000, 0x0000000100000000)
  eden space 427008K, 99% used [0x00000000e0000000,0x00000000fa068e80,0x00000000fa100000)
  from space 45568K, 17% used [0x00000000fcf80000,0x00000000fd75fa48,0x00000000ffc00000)
  to   space 46592K, 0% used [0x00000000fa100000,0x00000000fa100000,0x00000000fce80000)
 ParOldGen       total 162304K, used 122567K [0x00000000a0000000, 0x00000000a9e80000, 0x00000000e0000000)
  object space 162304K, 75% used [0x00000000a0000000,0x00000000a77b1e48,0x00000000a9e80000)
 Metaspace       used 79756K, capacity 83820K, committed 83928K, reserved 1122304K
  class space    used 10193K, capacity 10951K, committed 11008K, reserved 1048576K
Event: 3014.797 GC heap after
Heap after GC invocations=31 (full 4):
 PSYoungGen      total 473600K, used 11593K [0x00000000e0000000, 0x00000000ffc00000, 0x0000000100000000)
  eden space 427008K, 0% used [0x00000000e0000000,0x00000000e0000000,0x00000000fa100000)
  from space 46592K, 24% used [0x00000000fa100000,0x00000000fac52718,0x00000000fce80000)
  to   space 44032K, 0% used [0x00000000fd100000,0x00000000fd100000,0x00000000ffc00000)
 ParOldGen       total 162304K, used 128070K [0x00000000a0000000, 0x00000000a9e80000, 0x00000000e0000000)
  object space 162304K, 78% used [0x00000000a0000000,0x00000000a7d118d8,0x00000000a9e80000)
 Metaspace       used 79756K, capacity 83820K, committed 83928K, reserved 1122304K
  class space    used 10193K, capacity 10951K, committed 11008K, reserved 1048576K
}
Event: 3308.112 GC heap before
{Heap before GC invocations=32 (full 4):
 PSYoungGen      total 473600K, used 438601K [0x00000000e0000000, 0x00000000ffc00000, 0x0000000100000000)
  eden space 427008K, 100% used [0x00000000e0000000,0x00000000fa100000,0x00000000fa100000)
  from space 46592K, 24% used [0x00000000fa100000,0x00000000fac52718,0x00000000fce80000)
  to   space 44032K, 0% used [0x00000000fd100000,0x00000000fd100000,0x00000000ffc00000)
 ParOldGen       total 162304K, used 128070K [0x00000000a0000000, 0x00000000a9e80000, 0x00000000e0000000)
  object space 162304K, 78% used [0x00000000a0000000,0x00000000a7d118d8,0x00000000a9e80000)
 Metaspace       used 80056K, capacity 84228K, committed 84440K, reserved 1122304K
  class space    used 10195K, capacity 10951K, committed 11008K, reserved 1048576K
Event: 3308.262 GC heap after
Heap after GC invocations=32 (full 4):
 PSYoungGen      total 475136K, used 16791K [0x00000000e0000000, 0x00000000ff980000, 0x0000000100000000)
  eden space 433664K, 0% used [0x00000000e0000000,0x00000000e0000000,0x00000000fa780000)
  from space 41472K, 40% used [0x00000000fd100000,0x00000000fe165d08,0x00000000ff980000)
  to   space 41984K, 0% used [0x00000000fa780000,0x00000000fa780000,0x00000000fd080000)
 ParOldGen       total 162304K, used 128134K [0x00000000a0000000, 0x00000000a9e80000, 0x00000000e0000000)
  object space 162304K, 78% used [0x00000000a0000000,0x00000000a7d218d8,0x00000000a9e80000)
 Metaspace       used 80056K, capacity 84228K, committed 84440K, reserved 1122304K
  class space    used 10195K, capacity 10951K, committed 11008K, reserved 1048576K
}

